<html>
<head>
<title>TestNG:  Yahoo App Test</title>
<link href="../testng.css" rel="stylesheet" type="text/css" />
<link href="../my-testng.css" rel="stylesheet" type="text/css" />

<style type="text/css">
.log { display: none;} 
.stack-trace { display: none;} 
</style>
<script type="text/javascript">
<!--
function flip(e) {
  current = e.style.display;
  if (current == 'block') {
    e.style.display = 'none';
    return 0;
  }
  else {
    e.style.display = 'block';
    return 1;
  }
}

function toggleBox(szDivId, elem, msg1, msg2)
{
  var res = -1;  if (document.getElementById) {
    res = flip(document.getElementById(szDivId));
  }
  else if (document.all) {
    // this is the way old msie versions work
    res = flip(document.all[szDivId]);
  }
  if(elem) {
    if(res == 0) elem.innerHTML = msg1; else elem.innerHTML = msg2;
  }

}

function toggleAllBoxes() {
  if (document.getElementsByTagName) {
    d = document.getElementsByTagName('div');
    for (i = 0; i < d.length; i++) {
      if (d[i].className == 'log') {
        flip(d[i]);
      }
    }
  }
}

// -->
</script>

</head>
<body>
<h2 align='center'>Yahoo App Test</h2><table border='1' align="center">
<tr>
<td>Tests passed/Failed/Skipped:</td><td>16/1/0</td>
</tr><tr>
<td>Started on:</td><td>Mon May 03 08:15:47 IST 2021</td>
</tr>
<tr><td>Total time:</td><td>378 seconds (378200 ms)</td>
</tr><tr>
<td>Included groups:</td><td></td>
</tr><tr>
<td>Excluded groups:</td><td></td>
</tr>
</table><p/>
<small><i>(Hover the method name to see the test class name)</i></small><p/>
<table width='100%' border='1' class='invocation-failed'>
<tr><td colspan='4' align='center'><b>FAILED TESTS</b></td></tr>
<tr><td><b>Test method</b></td>
<td width="30%"><b>Exception</b></td>
<td width="10%"><b>Time (seconds)</b></td>
<td><b>Instance</b></td>
</tr>
<tr>
<td title='com.datadriven.test.HalfEbdayTest.halfEbayRegPageTest()'><b>halfEbayRegPageTest</b><br>Test class: com.datadriven.test.HalfEbdayTest<br>Parameters: Reshma, K, 13, new street, downtown, Sunnyvale, California, 94086.0, test2@gmail.com</td>
<td><div><pre>org.openqa.selenium.NoSuchWindowException: no such window: target window already closed
from unknown error: web view not found
  (Session info: chrome=90.0.4430.93)
  (Driver info: chromedriver=89.0.4389.23 (61b08ee2c50024bab004e48d2b1b083cdbdac579-refs/branch-heads/4389@{#294}),platform=Windows NT 6.3.9600 x86_64) (WARNING: The server did not provide any stacktrace information)
Command duration or timeout: 19 milliseconds
Build info: version: &apos;3.0.1&apos;, revision: &apos;1969d75&apos;, time: &apos;2016-10-18 09:49:13 -0700&apos;
System info: host: &apos;ASHRITH&apos;, ip: &apos;192.168.0.104&apos;, os.name: &apos;Windows 8.1&apos;, os.arch: &apos;amd64&apos;, os.version: &apos;6.3&apos;, java.version: &apos;15.0.2&apos;
Driver info: org.openqa.selenium.chrome.ChromeDriver
Capabilities [{mobileEmulationEnabled=false, timeouts={implicit=0, pageLoad=300000, script=30000}, hasTouchScreen=false, platform=XP, acceptSslCerts=false, goog:chromeOptions={debuggerAddress=localhost:50903}, acceptInsecureCerts=false, webStorageEnabled=true, browserName=chrome, takesScreenshot=true, javascriptEnabled=true, setWindowRect=true, webauthn:extension:largeBlob=true, unexpectedAlertBehaviour=ignore, applicationCacheEnabled=false, rotatable=false, networkConnectionEnabled=false, chrome={chromedriverVersion=89.0.4389.23 (61b08ee2c50024bab004e48d2b1b083cdbdac579-refs/branch-heads/4389@{#294}), userDataDir=C:\Users\SUNNY\AppData\Local\Temp\scoped_dir9160_1281056383}, takesHeapSnapshot=true, pageLoadStrategy=normal, strictFileInteractability=false, databaseEnabled=false, handlesAlerts=true, version=90.0.4430.93, browserConnectionEnabled=false, proxy={}, nativeEvents=true, locationContextEnabled=true, cssSelectorsEnabled=true, webauthn:virtualAuthenticators=true}]
Session ID: 2a4427a96a7796ff65e331fed808eb2a
*** Element info: {Using=xpath, value=//*[@id=&apos;firstname&apos;]}
	at org.openqa.selenium.remote.ErrorHandler.createThrowable(ErrorHandler.java:216)
	at org.openqa.selenium.remote.ErrorHandler.throwIfResponseFailed(ErrorHandler.java:168)
	at org.openqa.selenium.remote.RemoteWebDriver.execute(RemoteWebDriver.java:635)
	at org.openqa.selenium.remote.RemoteWebDriver.findElement(RemoteWebDriver.java:368)
	at org.openqa.selenium.remote.RemoteWebDriver.findElementByXPath(RemoteWebDriver.java:473)
	at org.openqa.selenium.By$ByXPath.findElement(By.java:361)
	at org.openqa.selenium.remote.RemoteWebDriver.findElement(RemoteWebDriver.java:360)
	at com.datadriven.test.HalfEbdayTest.halfEbayRegPageTest(HalfEbdayTest.java:48)
	at java.base/java.util.ArrayList.forEach(ArrayList.java:1511)
... Removed 32 stack frames</pre></div><a href='#' onClick='toggleBox("stack-trace693275170", this, "Click to show all stack frames", "Click to hide stack frames")'>Click to show all stack frames</a>
<div class='stack-trace' id='stack-trace693275170'><pre>org.openqa.selenium.NoSuchWindowException: no such window: target window already closed
from unknown error: web view not found
  (Session info: chrome=90.0.4430.93)
  (Driver info: chromedriver=89.0.4389.23 (61b08ee2c50024bab004e48d2b1b083cdbdac579-refs/branch-heads/4389@{#294}),platform=Windows NT 6.3.9600 x86_64) (WARNING: The server did not provide any stacktrace information)
Command duration or timeout: 19 milliseconds
Build info: version: &apos;3.0.1&apos;, revision: &apos;1969d75&apos;, time: &apos;2016-10-18 09:49:13 -0700&apos;
System info: host: &apos;ASHRITH&apos;, ip: &apos;192.168.0.104&apos;, os.name: &apos;Windows 8.1&apos;, os.arch: &apos;amd64&apos;, os.version: &apos;6.3&apos;, java.version: &apos;15.0.2&apos;
Driver info: org.openqa.selenium.chrome.ChromeDriver
Capabilities [{mobileEmulationEnabled=false, timeouts={implicit=0, pageLoad=300000, script=30000}, hasTouchScreen=false, platform=XP, acceptSslCerts=false, goog:chromeOptions={debuggerAddress=localhost:50903}, acceptInsecureCerts=false, webStorageEnabled=true, browserName=chrome, takesScreenshot=true, javascriptEnabled=true, setWindowRect=true, webauthn:extension:largeBlob=true, unexpectedAlertBehaviour=ignore, applicationCacheEnabled=false, rotatable=false, networkConnectionEnabled=false, chrome={chromedriverVersion=89.0.4389.23 (61b08ee2c50024bab004e48d2b1b083cdbdac579-refs/branch-heads/4389@{#294}), userDataDir=C:\Users\SUNNY\AppData\Local\Temp\scoped_dir9160_1281056383}, takesHeapSnapshot=true, pageLoadStrategy=normal, strictFileInteractability=false, databaseEnabled=false, handlesAlerts=true, version=90.0.4430.93, browserConnectionEnabled=false, proxy={}, nativeEvents=true, locationContextEnabled=true, cssSelectorsEnabled=true, webauthn:virtualAuthenticators=true}]
Session ID: 2a4427a96a7796ff65e331fed808eb2a
*** Element info: {Using=xpath, value=//*[@id=&apos;firstname&apos;]}
	at java.base/jdk.internal.reflect.NativeConstructorAccessorImpl.newInstance0(Native Method)
	at java.base/jdk.internal.reflect.NativeConstructorAccessorImpl.newInstance(NativeConstructorAccessorImpl.java:64)
	at java.base/jdk.internal.reflect.DelegatingConstructorAccessorImpl.newInstance(DelegatingConstructorAccessorImpl.java:45)
	at java.base/java.lang.reflect.Constructor.newInstanceWithCaller(Constructor.java:500)
	at java.base/java.lang.reflect.Constructor.newInstance(Constructor.java:481)
	at org.openqa.selenium.remote.ErrorHandler.createThrowable(ErrorHandler.java:216)
	at org.openqa.selenium.remote.ErrorHandler.throwIfResponseFailed(ErrorHandler.java:168)
	at org.openqa.selenium.remote.RemoteWebDriver.execute(RemoteWebDriver.java:635)
	at org.openqa.selenium.remote.RemoteWebDriver.findElement(RemoteWebDriver.java:368)
	at org.openqa.selenium.remote.RemoteWebDriver.findElementByXPath(RemoteWebDriver.java:473)
	at org.openqa.selenium.By$ByXPath.findElement(By.java:361)
	at org.openqa.selenium.remote.RemoteWebDriver.findElement(RemoteWebDriver.java:360)
	at com.datadriven.test.HalfEbdayTest.halfEbayRegPageTest(HalfEbdayTest.java:48)
	at java.base/jdk.internal.reflect.NativeMethodAccessorImpl.invoke0(Native Method)
	at java.base/jdk.internal.reflect.NativeMethodAccessorImpl.invoke(NativeMethodAccessorImpl.java:64)
	at java.base/jdk.internal.reflect.DelegatingMethodAccessorImpl.invoke(DelegatingMethodAccessorImpl.java:43)
	at java.base/java.lang.reflect.Method.invoke(Method.java:564)
	at org.testng.internal.MethodInvocationHelper.invokeMethod(MethodInvocationHelper.java:132)
	at org.testng.internal.TestInvoker.invokeMethod(TestInvoker.java:599)
	at org.testng.internal.TestInvoker.invokeTestMethod(TestInvoker.java:174)
	at org.testng.internal.MethodRunner.runInSequence(MethodRunner.java:46)
	at org.testng.internal.TestInvoker$MethodInvocationAgent.invoke(TestInvoker.java:822)
	at org.testng.internal.TestInvoker.invokeTestMethods(TestInvoker.java:147)
	at org.testng.internal.TestMethodWorker.invokeTestMethods(TestMethodWorker.java:146)
	at org.testng.internal.TestMethodWorker.run(TestMethodWorker.java:128)
	at java.base/java.util.ArrayList.forEach(ArrayList.java:1511)
	at org.testng.TestRunner.privateRun(TestRunner.java:764)
	at org.testng.TestRunner.run(TestRunner.java:585)
	at org.testng.SuiteRunner.runTest(SuiteRunner.java:384)
	at org.testng.SuiteRunner.runSequentially(SuiteRunner.java:378)
	at org.testng.SuiteRunner.privateRun(SuiteRunner.java:337)
	at org.testng.SuiteRunner.run(SuiteRunner.java:286)
	at org.testng.SuiteRunnerWorker.runSuite(SuiteRunnerWorker.java:53)
	at org.testng.SuiteRunnerWorker.run(SuiteRunnerWorker.java:96)
	at org.testng.TestNG.runSuitesSequentially(TestNG.java:1218)
	at org.testng.TestNG.runSuitesLocally(TestNG.java:1140)
	at org.testng.TestNG.runSuites(TestNG.java:1069)
	at org.testng.TestNG.run(TestNG.java:1037)
	at org.testng.remote.AbstractRemoteTestNG.run(AbstractRemoteTestNG.java:115)
	at org.testng.remote.RemoteTestNG.initAndRun(RemoteTestNG.java:251)
	at org.testng.remote.RemoteTestNG.main(RemoteTestNG.java:77)
</pre></div></td>
<td>0</td>
<td>com.datadriven.test.HalfEbdayTest@74ea2410</td></tr>
</table><p>
<table width='100%' border='1' class='invocation-passed'>
<tr><td colspan='4' align='center'><b>PASSED TESTS</b></td></tr>
<tr><td><b>Test method</b></td>
<td width="30%"><b>Exception</b></td>
<td width="10%"><b>Time (seconds)</b></td>
<td><b>Instance</b></td>
</tr>
<tr>
<td title='com.datadriven.test.HalfEbdayTest.halfEbayRegPageTest()'><b>halfEbayRegPageTest</b><br>Test class: com.datadriven.test.HalfEbdayTest<br>Parameters: Tom, Peter, 12, new street, downtown, Sunnyvale, California, 94085.0, test1@gmail.com</td>
<td></td>
<td>2</td>
<td>com.datadriven.test.HalfEbdayTest@74ea2410</td></tr>
<tr>
<td title='com.datadriven.test.HalfEbdayTest.halfEbayRegPageTest()'><b>halfEbayRegPageTest</b><br>Test class: com.datadriven.test.HalfEbdayTest<br>Parameters: Anirudh, D, 14, new street, downtown, Sunnyvale, California, 94087.0, test3@gmail.com</td>
<td></td>
<td>3</td>
<td>com.datadriven.test.HalfEbdayTest@74ea2410</td></tr>
<tr>
<td title='com.datadriven.test.HalfEbdayTest.halfEbayRegPageTest()'><b>halfEbayRegPageTest</b><br>Test class: com.datadriven.test.HalfEbdayTest<br>Parameters: Amreen, T, 15, new street, downtown, Sunnyvale, California, 94088.0, test4@gmail.com</td>
<td></td>
<td>2</td>
<td>com.datadriven.test.HalfEbdayTest@74ea2410</td></tr>
<tr>
<td title='com.datadriven.test.HalfEbdayTest.halfEbayRegPageTest()'><b>halfEbayRegPageTest</b><br>Test class: com.datadriven.test.HalfEbdayTest<br>Parameters: Tom, Peter, 12, new street, downtown, Sunnyvale, California, 94085.0, test1@gmail.com</td>
<td></td>
<td>2</td>
<td>com.datadriven.test.HalfEbdayTest@74ea2410</td></tr>
<tr>
<td title='com.datadriven.test.HalfEbdayTest.halfEbayRegPageTest()'><b>halfEbayRegPageTest</b><br>Test class: com.datadriven.test.HalfEbdayTest<br>Parameters: Reshma, K, 13, new street, downtown, Sunnyvale, California, 94086.0, test2@gmail.com</td>
<td></td>
<td>2</td>
<td>com.datadriven.test.HalfEbdayTest@74ea2410</td></tr>
<tr>
<td title='com.datadriven.test.HalfEbdayTest.halfEbayRegPageTest()'><b>halfEbayRegPageTest</b><br>Test class: com.datadriven.test.HalfEbdayTest<br>Parameters: Anirudh, D, 14, new street, downtown, Sunnyvale, California, 94087.0, test3@gmail.com</td>
<td></td>
<td>2</td>
<td>com.datadriven.test.HalfEbdayTest@74ea2410</td></tr>
<tr>
<td title='com.datadriven.test.HalfEbdayTest.halfEbayRegPageTest()'><b>halfEbayRegPageTest</b><br>Test class: com.datadriven.test.HalfEbdayTest<br>Parameters: Amreen, T, 15, new street, downtown, Sunnyvale, California, 94088.0, test4@gmail.com</td>
<td></td>
<td>2</td>
<td>com.datadriven.test.HalfEbdayTest@74ea2410</td></tr>
<tr>
<td title='com.datadriven.test.HalfEbdayTest.halfEbayRegPageTest()'><b>halfEbayRegPageTest</b><br>Test class: com.datadriven.test.HalfEbdayTest<br>Parameters: Tom, Peter, 12, new street, downtown, Sunnyvale, California, 94085.0, test1@gmail.com</td>
<td></td>
<td>2</td>
<td>com.datadriven.test.HalfEbdayTest@74ea2410</td></tr>
<tr>
<td title='com.datadriven.test.HalfEbdayTest.halfEbayRegPageTest()'><b>halfEbayRegPageTest</b><br>Test class: com.datadriven.test.HalfEbdayTest<br>Parameters: Reshma, K, 13, new street, downtown, Sunnyvale, California, 94086.0, test2@gmail.com</td>
<td></td>
<td>2</td>
<td>com.datadriven.test.HalfEbdayTest@74ea2410</td></tr>
<tr>
<td title='com.datadriven.test.HalfEbdayTest.halfEbayRegPageTest()'><b>halfEbayRegPageTest</b><br>Test class: com.datadriven.test.HalfEbdayTest<br>Parameters: Anirudh, D, 14, new street, downtown, Sunnyvale, California, 94087.0, test3@gmail.com</td>
<td></td>
<td>2</td>
<td>com.datadriven.test.HalfEbdayTest@74ea2410</td></tr>
<tr>
<td title='com.datadriven.test.HalfEbdayTest.halfEbayRegPageTest()'><b>halfEbayRegPageTest</b><br>Test class: com.datadriven.test.HalfEbdayTest<br>Parameters: Amreen, T, 15, new street, downtown, Sunnyvale, California, 94088.0, test4@gmail.com</td>
<td></td>
<td>2</td>
<td>com.datadriven.test.HalfEbdayTest@74ea2410</td></tr>
<tr>
<td title='com.datadriven.test.HalfEbdayTest.halfEbayRegPageTest()'><b>halfEbayRegPageTest</b><br>Test class: com.datadriven.test.HalfEbdayTest<br>Parameters: Tom, Peter, 12, new street, downtown, Sunnyvale, California, 94085.0, test1@gmail.com</td>
<td></td>
<td>2</td>
<td>com.datadriven.test.HalfEbdayTest@74ea2410</td></tr>
<tr>
<td title='com.datadriven.test.HalfEbdayTest.halfEbayRegPageTest()'><b>halfEbayRegPageTest</b><br>Test class: com.datadriven.test.HalfEbdayTest<br>Parameters: Reshma, K, 13, new street, downtown, Sunnyvale, California, 94086.0, test2@gmail.com</td>
<td></td>
<td>2</td>
<td>com.datadriven.test.HalfEbdayTest@74ea2410</td></tr>
<tr>
<td title='com.datadriven.test.HalfEbdayTest.halfEbayRegPageTest()'><b>halfEbayRegPageTest</b><br>Test class: com.datadriven.test.HalfEbdayTest<br>Parameters: Anirudh, D, 14, new street, downtown, Sunnyvale, California, 94087.0, test3@gmail.com</td>
<td></td>
<td>2</td>
<td>com.datadriven.test.HalfEbdayTest@74ea2410</td></tr>
<tr>
<td title='com.datadriven.test.HalfEbdayTest.halfEbayRegPageTest()'><b>halfEbayRegPageTest</b><br>Test class: com.datadriven.test.HalfEbdayTest<br>Parameters: Amreen, T, 15, new street, downtown, Sunnyvale, California, 94088.0, test4@gmail.com</td>
<td></td>
<td>2</td>
<td>com.datadriven.test.HalfEbdayTest@74ea2410</td></tr>
<tr>
<td title='com.parameters.ParameterTest.yahooLoginTest()'><b>yahooLoginTest</b><br>Test class: com.parameters.ParameterTest<br>Parameters: chrome, https://login.yahoo.com/, test@yahoo.com</td>
<td></td>
<td>24</td>
<td>com.parameters.ParameterTest@25ce9dc4</td></tr>
</table><p>
</body>
</html>