<?xml version="1.0" encoding="UTF-8"?>
<!-- Generated by org.testng.reporters.JUnitXMLReporter -->
<testsuite ignored="0" hostname="ASHRITH" failures="1" tests="17" name="Yahoo App Test" time="378.2" errors="0" timestamp="2021-05-03T08:22:05 IST">
  <testcase classname="com.parameters.ParameterTest" name="yahooLoginTest" time="24.083"/>
  <testcase classname="com.datadriven.test.HalfEbdayTest" name="halfEbayRegPageTest" time="2.416"/>
  <testcase classname="com.datadriven.test.HalfEbdayTest" name="halfEbayRegPageTest" time="0.033">
    <failure type="org.openqa.selenium.NoSuchWindowException" message="no such window: target window already closed
from unknown error: web view not found
  (Session info: chrome=90.0.4430.93)
  (Driver info: chromedriver=89.0.4389.23 (61b08ee2c50024bab004e48d2b1b083cdbdac579-refs/branch-heads/4389@{#294}),platform=Windows NT 6.3.9600 x86_64) (WARNING: The server did not provide any stacktrace information)
Command duration or timeout: 19 milliseconds
Build info: version: &amp;apos;3.0.1&amp;apos;, revision: &amp;apos;1969d75&amp;apos;, time: &amp;apos;2016-10-18 09:49:13 -0700&amp;apos;
System info: host: &amp;apos;ASHRITH&amp;apos;, ip: &amp;apos;192.168.0.104&amp;apos;, os.name: &amp;apos;Windows 8.1&amp;apos;, os.arch: &amp;apos;amd64&amp;apos;, os.version: &amp;apos;6.3&amp;apos;, java.version: &amp;apos;15.0.2&amp;apos;
Driver info: org.openqa.selenium.chrome.ChromeDriver
Capabilities [{mobileEmulationEnabled=false, timeouts={implicit=0, pageLoad=300000, script=30000}, hasTouchScreen=false, platform=XP, acceptSslCerts=false, goog:chromeOptions={debuggerAddress=localhost:50903}, acceptInsecureCerts=false, webStorageEnabled=true, browserName=chrome, takesScreenshot=true, javascriptEnabled=true, setWindowRect=true, webauthn:extension:largeBlob=true, unexpectedAlertBehaviour=ignore, applicationCacheEnabled=false, rotatable=false, networkConnectionEnabled=false, chrome={chromedriverVersion=89.0.4389.23 (61b08ee2c50024bab004e48d2b1b083cdbdac579-refs/branch-heads/4389@{#294}), userDataDir=C:\Users\SUNNY\AppData\Local\Temp\scoped_dir9160_1281056383}, takesHeapSnapshot=true, pageLoadStrategy=normal, strictFileInteractability=false, databaseEnabled=false, handlesAlerts=true, version=90.0.4430.93, browserConnectionEnabled=false, proxy={}, nativeEvents=true, locationContextEnabled=true, cssSelectorsEnabled=true, webauthn:virtualAuthenticators=true}]
Session ID: 2a4427a96a7796ff65e331fed808eb2a
*** Element info: {Using=xpath, value=//*[@id=&amp;apos;firstname&amp;apos;]}">
      <![CDATA[org.openqa.selenium.NoSuchWindowException: no such window: target window already closed
from unknown error: web view not found
  (Session info: chrome=90.0.4430.93)
  (Driver info: chromedriver=89.0.4389.23 (61b08ee2c50024bab004e48d2b1b083cdbdac579-refs/branch-heads/4389@{#294}),platform=Windows NT 6.3.9600 x86_64) (WARNING: The server did not provide any stacktrace information)
Command duration or timeout: 19 milliseconds
Build info: version: '3.0.1', revision: '1969d75', time: '2016-10-18 09:49:13 -0700'
System info: host: 'ASHRITH', ip: '192.168.0.104', os.name: 'Windows 8.1', os.arch: 'amd64', os.version: '6.3', java.version: '15.0.2'
Driver info: org.openqa.selenium.chrome.ChromeDriver
Capabilities [{mobileEmulationEnabled=false, timeouts={implicit=0, pageLoad=300000, script=30000}, hasTouchScreen=false, platform=XP, acceptSslCerts=false, goog:chromeOptions={debuggerAddress=localhost:50903}, acceptInsecureCerts=false, webStorageEnabled=true, browserName=chrome, takesScreenshot=true, javascriptEnabled=true, setWindowRect=true, webauthn:extension:largeBlob=true, unexpectedAlertBehaviour=ignore, applicationCacheEnabled=false, rotatable=false, networkConnectionEnabled=false, chrome={chromedriverVersion=89.0.4389.23 (61b08ee2c50024bab004e48d2b1b083cdbdac579-refs/branch-heads/4389@{#294}), userDataDir=C:\Users\SUNNY\AppData\Local\Temp\scoped_dir9160_1281056383}, takesHeapSnapshot=true, pageLoadStrategy=normal, strictFileInteractability=false, databaseEnabled=false, handlesAlerts=true, version=90.0.4430.93, browserConnectionEnabled=false, proxy={}, nativeEvents=true, locationContextEnabled=true, cssSelectorsEnabled=true, webauthn:virtualAuthenticators=true}]
Session ID: 2a4427a96a7796ff65e331fed808eb2a
*** Element info: {Using=xpath, value=//*[@id='firstname']}
at org.openqa.selenium.remote.ErrorHandler.createThrowable(ErrorHandler.java:216)
at org.openqa.selenium.remote.ErrorHandler.throwIfResponseFailed(ErrorHandler.java:168)
at org.openqa.selenium.remote.RemoteWebDriver.execute(RemoteWebDriver.java:635)
at org.openqa.selenium.remote.RemoteWebDriver.findElement(RemoteWebDriver.java:368)
at org.openqa.selenium.remote.RemoteWebDriver.findElementByXPath(RemoteWebDriver.java:473)
at org.openqa.selenium.By$ByXPath.findElement(By.java:361)
at org.openqa.selenium.remote.RemoteWebDriver.findElement(RemoteWebDriver.java:360)
at com.datadriven.test.HalfEbdayTest.halfEbayRegPageTest(HalfEbdayTest.java:48)
at java.base/java.util.ArrayList.forEach(ArrayList.java:1511)
... Removed 32 stack frames]]>
    </failure>
  </testcase> <!-- halfEbayRegPageTest -->
  <testcase classname="com.datadriven.test.HalfEbdayTest" name="halfEbayRegPageTest" time="3.109"/>
  <testcase classname="com.datadriven.test.HalfEbdayTest" name="halfEbayRegPageTest" time="2.25"/>
  <testcase classname="com.datadriven.test.HalfEbdayTest" name="halfEbayRegPageTest" time="2.355"/>
  <testcase classname="com.datadriven.test.HalfEbdayTest" name="halfEbayRegPageTest" time="2.323"/>
  <testcase classname="com.datadriven.test.HalfEbdayTest" name="halfEbayRegPageTest" time="2.265"/>
  <testcase classname="com.datadriven.test.HalfEbdayTest" name="halfEbayRegPageTest" time="2.558"/>
  <testcase classname="com.datadriven.test.HalfEbdayTest" name="halfEbayRegPageTest" time="2.2"/>
  <testcase classname="com.datadriven.test.HalfEbdayTest" name="halfEbayRegPageTest" time="2.222"/>
  <testcase classname="com.datadriven.test.HalfEbdayTest" name="halfEbayRegPageTest" time="2.196"/>
  <testcase classname="com.datadriven.test.HalfEbdayTest" name="halfEbayRegPageTest" time="2.547"/>
  <testcase classname="com.datadriven.test.HalfEbdayTest" name="halfEbayRegPageTest" time="2.172"/>
  <testcase classname="com.datadriven.test.HalfEbdayTest" name="halfEbayRegPageTest" time="2.353"/>
  <testcase classname="com.datadriven.test.HalfEbdayTest" name="halfEbayRegPageTest" time="2.551"/>
  <testcase classname="com.datadriven.test.HalfEbdayTest" name="halfEbayRegPageTest" time="2.361"/>
</testsuite> <!-- Yahoo App Test -->
